<?xml version="1.0" encoding="UTF-8"?>
<coverage generated="1555456142618" clover="3.2.0">
  <project timestamp="1555456142618" name="All files">
    <metrics statements="59" coveredstatements="20" conditionals="0" coveredconditionals="0" methods="39" coveredmethods="6" elements="98" coveredelements="26" complexity="0" loc="59" ncloc="59" packages="2" files="6" classes="6">
      <package name="src">
        <metrics statements="13" coveredstatements="7" conditionals="0" coveredconditionals="0" methods="8" coveredmethods="2"/>
        <file name="graphql.js" path="C:\Users\Luke\source\repos\serverless-sailingweb\backend\src\graphql.js">
          <metrics statements="12" coveredstatements="6" conditionals="0" coveredconditionals="0" methods="8" coveredmethods="2"/>
          <line num="10" count="1" type="stmt"/>
          <line num="13" count="0" type="stmt"/>
          <line num="14" count="0" type="stmt"/>
          <line num="15" count="0" type="stmt"/>
          <line num="16" count="1" type="stmt"/>
          <line num="19" count="0" type="stmt"/>
          <line num="20" count="0" type="stmt"/>
          <line num="21" count="0" type="stmt"/>
          <line num="25" count="1" type="stmt"/>
          <line num="28" count="1" type="stmt"/>
          <line num="30" count="1" type="stmt"/>
          <line num="33" count="1" type="stmt"/>
        </file>
        <file name="schema.js" path="C:\Users\Luke\source\repos\serverless-sailingweb\backend\src\schema.js">
          <metrics statements="1" coveredstatements="1" conditionals="0" coveredconditionals="0" methods="0" coveredmethods="0"/>
          <line num="4" count="1" type="stmt"/>
        </file>
      </package>
      <package name="src.dynamoResolvers">
        <metrics statements="46" coveredstatements="13" conditionals="0" coveredconditionals="0" methods="31" coveredmethods="4"/>
        <file name="boatData.js" path="C:\Users\Luke\source\repos\serverless-sailingweb\backend\src\dynamoResolvers\boatData.js">
          <metrics statements="6" coveredstatements="2" conditionals="0" coveredconditionals="0" methods="2" coveredmethods="0"/>
          <line num="4" count="1" type="stmt"/>
          <line num="5" count="0" type="stmt"/>
          <line num="13" count="0" type="stmt"/>
          <line num="16" count="1" type="stmt"/>
          <line num="17" count="0" type="stmt"/>
          <line num="26" count="0" type="stmt"/>
        </file>
        <file name="dynamo.js" path="C:\Users\Luke\source\repos\serverless-sailingweb\backend\src\dynamoResolvers\dynamo.js">
          <metrics statements="25" coveredstatements="4" conditionals="0" coveredconditionals="0" methods="24" coveredmethods="3"/>
          <line num="3" count="1" type="stmt"/>
          <line num="6" count="0" type="stmt"/>
          <line num="7" count="0" type="stmt"/>
          <line num="8" count="0" type="stmt"/>
          <line num="9" count="0" type="stmt"/>
          <line num="14" count="0" type="stmt"/>
          <line num="15" count="0" type="stmt"/>
          <line num="16" count="0" type="stmt"/>
          <line num="17" count="0" type="stmt"/>
          <line num="22" count="0" type="stmt"/>
          <line num="23" count="0" type="stmt"/>
          <line num="24" count="0" type="stmt"/>
          <line num="25" count="0" type="stmt"/>
          <line num="30" count="0" type="stmt"/>
          <line num="31" count="0" type="stmt"/>
          <line num="32" count="0" type="stmt"/>
          <line num="33" count="0" type="stmt"/>
          <line num="38" count="1" type="stmt"/>
          <line num="39" count="1" type="stmt"/>
          <line num="40" count="0" type="stmt"/>
          <line num="41" count="1" type="stmt"/>
          <line num="46" count="0" type="stmt"/>
          <line num="47" count="0" type="stmt"/>
          <line num="48" count="0" type="stmt"/>
          <line num="49" count="0" type="stmt"/>
        </file>
        <file name="events.js" path="C:\Users\Luke\source\repos\serverless-sailingweb\backend\src\dynamoResolvers\events.js">
          <metrics statements="9" coveredstatements="3" conditionals="0" coveredconditionals="0" methods="3" coveredmethods="0"/>
          <line num="3" count="1" type="stmt"/>
          <line num="4" count="0" type="stmt"/>
          <line num="14" count="0" type="stmt"/>
          <line num="16" count="1" type="stmt"/>
          <line num="17" count="0" type="stmt"/>
          <line num="28" count="0" type="stmt"/>
          <line num="30" count="1" type="stmt"/>
          <line num="31" count="0" type="stmt"/>
          <line num="41" count="0" type="stmt"/>
        </file>
        <file name="signOn.js" path="C:\Users\Luke\source\repos\serverless-sailingweb\backend\src\dynamoResolvers\signOn.js">
          <metrics statements="6" coveredstatements="4" conditionals="0" coveredconditionals="0" methods="2" coveredmethods="1"/>
          <line num="3" count="1" type="stmt"/>
          <line num="4" count="0" type="stmt"/>
          <line num="9" count="0" type="stmt"/>
          <line num="12" count="1" type="stmt"/>
          <line num="13" count="1" type="stmt"/>
          <line num="21" count="1" type="stmt"/>
        </file>
      </package>
    </metrics>
  </project>
</coverage>
