{"C:\\Users\\Luke\\source\\repos\\serverless-sailingweb\\backend\\src\\graphql.js": {"path":"C:\\Users\\Luke\\source\\repos\\serverless-sailingweb\\backend\\src\\graphql.js","statementMap":{"0":{"start":{"line":10,"column":18},"end":{"line":23,"column":1}},"1":{"start":{"line":13,"column":23},"end":{"line":13,"column":36}},"2":{"start":{"line":14,"column":21},"end":{"line":14,"column":32}},"3":{"start":{"line":15,"column":36},"end":{"line":15,"column":60}},"4":{"start":{"line":16,"column":38},"end":{"line":16,"column":63}},"5":{"start":{"line":19,"column":34},"end":{"line":19,"column":56}},"6":{"start":{"line":20,"column":35},"end":{"line":20,"column":58}},"7":{"start":{"line":21,"column":30},"end":{"line":21,"column":48}},"8":{"start":{"line":25,"column":15},"end":{"line":31,"column":4}},"9":{"start":{"line":28,"column":2},"end":{"line":28,"column":37}},"10":{"start":{"line":30,"column":2},"end":{"line":30,"column":39}},"11":{"start":{"line":33,"column":0},"end":{"line":33,"column":48}}},"fnMap":{"0":{"name":"(anonymous_0)","decl":{"start":{"line":13,"column":17},"end":{"line":13,"column":18}},"loc":{"start":{"line":13,"column":23},"end":{"line":13,"column":36}},"line":13},"1":{"name":"(anonymous_1)","decl":{"start":{"line":14,"column":15},"end":{"line":14,"column":16}},"loc":{"start":{"line":14,"column":21},"end":{"line":14,"column":32}},"line":14},"2":{"name":"(anonymous_2)","decl":{"start":{"line":15,"column":18},"end":{"line":15,"column":19}},"loc":{"start":{"line":15,"column":36},"end":{"line":15,"column":60}},"line":15},"3":{"name":"(anonymous_3)","decl":{"start":{"line":16,"column":19},"end":{"line":16,"column":20}},"loc":{"start":{"line":16,"column":38},"end":{"line":16,"column":63}},"line":16},"4":{"name":"(anonymous_4)","decl":{"start":{"line":19,"column":16},"end":{"line":19,"column":17}},"loc":{"start":{"line":19,"column":34},"end":{"line":19,"column":56}},"line":19},"5":{"name":"(anonymous_5)","decl":{"start":{"line":20,"column":17},"end":{"line":20,"column":18}},"loc":{"start":{"line":20,"column":35},"end":{"line":20,"column":58}},"line":20},"6":{"name":"(anonymous_6)","decl":{"start":{"line":21,"column":12},"end":{"line":21,"column":13}},"loc":{"start":{"line":21,"column":30},"end":{"line":21,"column":48}},"line":21},"7":{"name":"(anonymous_7)","decl":{"start":{"line":27,"column":9},"end":{"line":27,"column":10}},"loc":{"start":{"line":27,"column":31},"end":{"line":31,"column":1}},"line":27}},"branchMap":{},"s":{"0":0,"1":0,"2":0,"3":0,"4":0,"5":0,"6":0,"7":0,"8":0,"9":0,"10":0,"11":0},"f":{"0":0,"1":0,"2":0,"3":0,"4":0,"5":0,"6":0,"7":0},"b":{},"hash":"ce1dd699bc68845417592f75890d8dd16f75970e"}
,"C:\\Users\\Luke\\source\\repos\\serverless-sailingweb\\backend\\src\\schema.js": {"path":"C:\\Users\\Luke\\source\\repos\\serverless-sailingweb\\backend\\src\\schema.js","statementMap":{"0":{"start":{"line":4,"column":17},"end":{"line":166,"column":1}}},"fnMap":{},"branchMap":{},"s":{"0":0},"f":{},"b":{},"hash":"e9de53c426adc69a213abf4696efec37e284e67f"}
,"C:\\Users\\Luke\\source\\repos\\serverless-sailingweb\\backend\\src\\dynamoResolvers\\boatData.js": {"path":"C:\\Users\\Luke\\source\\repos\\serverless-sailingweb\\backend\\src\\dynamoResolvers\\boatData.js","statementMap":{"0":{"start":{"line":4,"column":27},"end":{"line":14,"column":3}},"1":{"start":{"line":5,"column":17},"end":{"line":12,"column":5}},"2":{"start":{"line":13,"column":4},"end":{"line":13,"column":26}},"3":{"start":{"line":16,"column":28},"end":{"line":27,"column":5}},"4":{"start":{"line":17,"column":17},"end":{"line":25,"column":5}},"5":{"start":{"line":26,"column":4},"end":{"line":26,"column":44}}},"fnMap":{"0":{"name":"(anonymous_0)","decl":{"start":{"line":4,"column":27},"end":{"line":4,"column":28}},"loc":{"start":{"line":4,"column":32},"end":{"line":14,"column":3}},"line":4},"1":{"name":"(anonymous_1)","decl":{"start":{"line":16,"column":28},"end":{"line":16,"column":29}},"loc":{"start":{"line":16,"column":38},"end":{"line":27,"column":5}},"line":16}},"branchMap":{},"s":{"0":0,"1":0,"2":0,"3":0,"4":0,"5":0},"f":{"0":0,"1":0},"b":{},"hash":"594023bf41c5986c78dbd3dbad31d71f61f806b7"}
,"C:\\Users\\Luke\\source\\repos\\serverless-sailingweb\\backend\\src\\dynamoResolvers\\dynamo.js": {"path":"C:\\Users\\Luke\\source\\repos\\serverless-sailingweb\\backend\\src\\dynamoResolvers\\dynamo.js","statementMap":{"0":{"start":{"line":1,"column":15},"end":{"line":1,"column":52}},"1":{"start":{"line":3,"column":15},"end":{"line":3,"column":27}},"2":{"start":{"line":6,"column":2},"end":{"line":10,"column":4}},"3":{"start":{"line":7,"column":4},"end":{"line":9,"column":32}},"4":{"start":{"line":8,"column":20},"end":{"line":8,"column":39}},"5":{"start":{"line":9,"column":20},"end":{"line":9,"column":31}},"6":{"start":{"line":14,"column":2},"end":{"line":18,"column":4}},"7":{"start":{"line":15,"column":4},"end":{"line":17,"column":32}},"8":{"start":{"line":16,"column":20},"end":{"line":16,"column":38}},"9":{"start":{"line":17,"column":20},"end":{"line":17,"column":31}},"10":{"start":{"line":22,"column":2},"end":{"line":26,"column":4}},"11":{"start":{"line":23,"column":4},"end":{"line":25,"column":32}},"12":{"start":{"line":24,"column":18},"end":{"line":24,"column":38}},"13":{"start":{"line":25,"column":20},"end":{"line":25,"column":31}},"14":{"start":{"line":30,"column":2},"end":{"line":34,"column":4}},"15":{"start":{"line":31,"column":4},"end":{"line":33,"column":32}},"16":{"start":{"line":32,"column":18},"end":{"line":32,"column":31}},"17":{"start":{"line":33,"column":20},"end":{"line":33,"column":31}},"18":{"start":{"line":38,"column":2},"end":{"line":42,"column":2}},"19":{"start":{"line":39,"column":2},"end":{"line":41,"column":30}},"20":{"start":{"line":40,"column":18},"end":{"line":40,"column":37}},"21":{"start":{"line":41,"column":18},"end":{"line":41,"column":29}},"22":{"start":{"line":46,"column":2},"end":{"line":50,"column":4}},"23":{"start":{"line":47,"column":4},"end":{"line":49,"column":32}},"24":{"start":{"line":48,"column":18},"end":{"line":48,"column":31}},"25":{"start":{"line":49,"column":20},"end":{"line":49,"column":31}}},"fnMap":{"0":{"name":"scan","decl":{"start":{"line":5,"column":16},"end":{"line":5,"column":20}},"loc":{"start":{"line":5,"column":29},"end":{"line":11,"column":1}},"line":5},"1":{"name":"(anonymous_1)","decl":{"start":{"line":6,"column":21},"end":{"line":6,"column":22}},"loc":{"start":{"line":7,"column":4},"end":{"line":9,"column":32}},"line":7},"2":{"name":"(anonymous_2)","decl":{"start":{"line":8,"column":12},"end":{"line":8,"column":13}},"loc":{"start":{"line":8,"column":20},"end":{"line":8,"column":39}},"line":8},"3":{"name":"(anonymous_3)","decl":{"start":{"line":9,"column":13},"end":{"line":9,"column":14}},"loc":{"start":{"line":9,"column":20},"end":{"line":9,"column":31}},"line":9},"4":{"name":"get","decl":{"start":{"line":13,"column":16},"end":{"line":13,"column":19}},"loc":{"start":{"line":13,"column":28},"end":{"line":19,"column":1}},"line":13},"5":{"name":"(anonymous_5)","decl":{"start":{"line":14,"column":21},"end":{"line":14,"column":22}},"loc":{"start":{"line":15,"column":4},"end":{"line":17,"column":32}},"line":15},"6":{"name":"(anonymous_6)","decl":{"start":{"line":16,"column":12},"end":{"line":16,"column":13}},"loc":{"start":{"line":16,"column":20},"end":{"line":16,"column":38}},"line":16},"7":{"name":"(anonymous_7)","decl":{"start":{"line":17,"column":13},"end":{"line":17,"column":14}},"loc":{"start":{"line":17,"column":20},"end":{"line":17,"column":31}},"line":17},"8":{"name":"createItem","decl":{"start":{"line":21,"column":16},"end":{"line":21,"column":26}},"loc":{"start":{"line":21,"column":35},"end":{"line":27,"column":1}},"line":21},"9":{"name":"(anonymous_9)","decl":{"start":{"line":22,"column":21},"end":{"line":22,"column":22}},"loc":{"start":{"line":23,"column":4},"end":{"line":25,"column":32}},"line":23},"10":{"name":"(anonymous_10)","decl":{"start":{"line":24,"column":12},"end":{"line":24,"column":13}},"loc":{"start":{"line":24,"column":18},"end":{"line":24,"column":38}},"line":24},"11":{"name":"(anonymous_11)","decl":{"start":{"line":25,"column":13},"end":{"line":25,"column":14}},"loc":{"start":{"line":25,"column":20},"end":{"line":25,"column":31}},"line":25},"12":{"name":"updateItem","decl":{"start":{"line":29,"column":16},"end":{"line":29,"column":26}},"loc":{"start":{"line":29,"column":41},"end":{"line":35,"column":1}},"line":29},"13":{"name":"(anonymous_13)","decl":{"start":{"line":30,"column":21},"end":{"line":30,"column":22}},"loc":{"start":{"line":31,"column":4},"end":{"line":33,"column":32}},"line":31},"14":{"name":"(anonymous_14)","decl":{"start":{"line":32,"column":12},"end":{"line":32,"column":13}},"loc":{"start":{"line":32,"column":18},"end":{"line":32,"column":31}},"line":32},"15":{"name":"(anonymous_15)","decl":{"start":{"line":33,"column":13},"end":{"line":33,"column":14}},"loc":{"start":{"line":33,"column":20},"end":{"line":33,"column":31}},"line":33},"16":{"name":"queryItem","decl":{"start":{"line":37,"column":16},"end":{"line":37,"column":25}},"loc":{"start":{"line":37,"column":33},"end":{"line":43,"column":1}},"line":37},"17":{"name":"(anonymous_17)","decl":{"start":{"line":38,"column":21},"end":{"line":38,"column":22}},"loc":{"start":{"line":39,"column":2},"end":{"line":41,"column":30}},"line":39},"18":{"name":"(anonymous_18)","decl":{"start":{"line":40,"column":10},"end":{"line":40,"column":11}},"loc":{"start":{"line":40,"column":18},"end":{"line":40,"column":37}},"line":40},"19":{"name":"(anonymous_19)","decl":{"start":{"line":41,"column":11},"end":{"line":41,"column":12}},"loc":{"start":{"line":41,"column":18},"end":{"line":41,"column":29}},"line":41},"20":{"name":"deleteItem","decl":{"start":{"line":45,"column":16},"end":{"line":45,"column":26}},"loc":{"start":{"line":45,"column":41},"end":{"line":51,"column":1}},"line":45},"21":{"name":"(anonymous_21)","decl":{"start":{"line":46,"column":21},"end":{"line":46,"column":22}},"loc":{"start":{"line":47,"column":4},"end":{"line":49,"column":32}},"line":47},"22":{"name":"(anonymous_22)","decl":{"start":{"line":48,"column":12},"end":{"line":48,"column":13}},"loc":{"start":{"line":48,"column":18},"end":{"line":48,"column":31}},"line":48},"23":{"name":"(anonymous_23)","decl":{"start":{"line":49,"column":13},"end":{"line":49,"column":14}},"loc":{"start":{"line":49,"column":20},"end":{"line":49,"column":31}},"line":49}},"branchMap":{},"s":{"0":0,"1":0,"2":0,"3":0,"4":0,"5":0,"6":0,"7":0,"8":0,"9":0,"10":0,"11":0,"12":0,"13":0,"14":0,"15":0,"16":0,"17":0,"18":0,"19":0,"20":0,"21":0,"22":0,"23":0,"24":0,"25":0},"f":{"0":0,"1":0,"2":0,"3":0,"4":0,"5":0,"6":0,"7":0,"8":0,"9":0,"10":0,"11":0,"12":0,"13":0,"14":0,"15":0,"16":0,"17":0,"18":0,"19":0,"20":0,"21":0,"22":0,"23":0},"b":{},"hash":"ec4b7dc4dc010526a534bc580e912ffa32ba9fae"}
,"C:\\Users\\Luke\\source\\repos\\serverless-sailingweb\\backend\\src\\dynamoResolvers\\events.js": {"path":"C:\\Users\\Luke\\source\\repos\\serverless-sailingweb\\backend\\src\\dynamoResolvers\\events.js","statementMap":{"0":{"start":{"line":3,"column":25},"end":{"line":15,"column":3}},"1":{"start":{"line":4,"column":17},"end":{"line":13,"column":5}},"2":{"start":{"line":14,"column":4},"end":{"line":14,"column":26}},"3":{"start":{"line":16,"column":29},"end":{"line":29,"column":5}},"4":{"start":{"line":17,"column":17},"end":{"line":27,"column":5}},"5":{"start":{"line":28,"column":4},"end":{"line":28,"column":41}},"6":{"start":{"line":30,"column":28},"end":{"line":42,"column":5}},"7":{"start":{"line":31,"column":17},"end":{"line":39,"column":5}},"8":{"start":{"line":41,"column":6},"end":{"line":41,"column":28}}},"fnMap":{"0":{"name":"(anonymous_0)","decl":{"start":{"line":3,"column":25},"end":{"line":3,"column":26}},"loc":{"start":{"line":3,"column":30},"end":{"line":15,"column":3}},"line":3},"1":{"name":"(anonymous_1)","decl":{"start":{"line":16,"column":29},"end":{"line":16,"column":30}},"loc":{"start":{"line":16,"column":39},"end":{"line":29,"column":5}},"line":16},"2":{"name":"(anonymous_2)","decl":{"start":{"line":30,"column":28},"end":{"line":30,"column":29}},"loc":{"start":{"line":30,"column":38},"end":{"line":42,"column":5}},"line":30}},"branchMap":{},"s":{"0":0,"1":0,"2":0,"3":0,"4":0,"5":0,"6":0,"7":0,"8":0},"f":{"0":0,"1":0,"2":0},"b":{},"hash":"c0fb5081c34b340de642b4e89b6be5782e4752ed"}
,"C:\\Users\\Luke\\source\\repos\\serverless-sailingweb\\backend\\src\\dynamoResolvers\\signOn.js": {"path":"C:\\Users\\Luke\\source\\repos\\serverless-sailingweb\\backend\\src\\dynamoResolvers\\signOn.js","statementMap":{"0":{"start":{"line":3,"column":22},"end":{"line":10,"column":3}},"1":{"start":{"line":4,"column":17},"end":{"line":8,"column":7}},"2":{"start":{"line":9,"column":6},"end":{"line":9,"column":44}},"3":{"start":{"line":12,"column":31},"end":{"line":22,"column":3}},"4":{"start":{"line":13,"column":17},"end":{"line":20,"column":5}},"5":{"start":{"line":21,"column":4},"end":{"line":21,"column":31}}},"fnMap":{"0":{"name":"(anonymous_0)","decl":{"start":{"line":3,"column":22},"end":{"line":3,"column":23}},"loc":{"start":{"line":3,"column":31},"end":{"line":10,"column":3}},"line":3},"1":{"name":"(anonymous_1)","decl":{"start":{"line":12,"column":31},"end":{"line":12,"column":32}},"loc":{"start":{"line":12,"column":41},"end":{"line":22,"column":3}},"line":12}},"branchMap":{},"s":{"0":0,"1":0,"2":0,"3":0,"4":0,"5":0},"f":{"0":0,"1":0},"b":{},"hash":"2edda73781215e2ba86215893809e65c63d2ea5e"}
}
