TN:
SF:C:\Users\Luke\source\repos\serverless-sailingweb\backend\src\graphql.js
FN:13,(anonymous_0)
FN:14,(anonymous_1)
FN:15,(anonymous_2)
FN:16,(anonymous_3)
FN:19,(anonymous_4)
FN:20,(anonymous_5)
FN:21,(anonymous_6)
FN:27,(anonymous_7)
FNF:8
FNH:2
FNDA:0,(anonymous_0)
FNDA:0,(anonymous_1)
FNDA:0,(anonymous_2)
FNDA:1,(anonymous_3)
FNDA:0,(anonymous_4)
FNDA:0,(anonymous_5)
FNDA:0,(anonymous_6)
FNDA:1,(anonymous_7)
DA:10,1
DA:13,0
DA:14,0
DA:15,0
DA:16,1
DA:19,0
DA:20,0
DA:21,0
DA:25,1
DA:28,1
DA:30,1
DA:33,1
LF:12
LH:6
BRF:0
BRH:0
end_of_record
TN:
SF:C:\Users\Luke\source\repos\serverless-sailingweb\backend\src\schema.js
FNF:0
FNH:0
DA:4,1
LF:1
LH:1
BRF:0
BRH:0
end_of_record
TN:
SF:C:\Users\Luke\source\repos\serverless-sailingweb\backend\src\dynamoResolvers\boatData.js
FN:4,(anonymous_0)
FN:16,(anonymous_1)
FNF:2
FNH:0
FNDA:0,(anonymous_0)
FNDA:0,(anonymous_1)
DA:4,1
DA:5,0
DA:13,0
DA:16,1
DA:17,0
DA:26,0
LF:6
LH:2
BRF:0
BRH:0
end_of_record
TN:
SF:C:\Users\Luke\source\repos\serverless-sailingweb\backend\src\dynamoResolvers\dynamo.js
FN:5,scan
FN:6,(anonymous_1)
FN:8,(anonymous_2)
FN:9,(anonymous_3)
FN:13,get
FN:14,(anonymous_5)
FN:16,(anonymous_6)
FN:17,(anonymous_7)
FN:21,createItem
FN:22,(anonymous_9)
FN:24,(anonymous_10)
FN:25,(anonymous_11)
FN:29,updateItem
FN:30,(anonymous_13)
FN:32,(anonymous_14)
FN:33,(anonymous_15)
FN:37,queryItem
FN:38,(anonymous_17)
FN:40,(anonymous_18)
FN:41,(anonymous_19)
FN:45,deleteItem
FN:46,(anonymous_21)
FN:48,(anonymous_22)
FN:49,(anonymous_23)
FNF:24
FNH:3
FNDA:0,scan
FNDA:0,(anonymous_1)
FNDA:0,(anonymous_2)
FNDA:0,(anonymous_3)
FNDA:0,get
FNDA:0,(anonymous_5)
FNDA:0,(anonymous_6)
FNDA:0,(anonymous_7)
FNDA:0,createItem
FNDA:0,(anonymous_9)
FNDA:0,(anonymous_10)
FNDA:0,(anonymous_11)
FNDA:0,updateItem
FNDA:0,(anonymous_13)
FNDA:0,(anonymous_14)
FNDA:0,(anonymous_15)
FNDA:1,queryItem
FNDA:1,(anonymous_17)
FNDA:0,(anonymous_18)
FNDA:1,(anonymous_19)
FNDA:0,deleteItem
FNDA:0,(anonymous_21)
FNDA:0,(anonymous_22)
FNDA:0,(anonymous_23)
DA:3,1
DA:6,0
DA:7,0
DA:8,0
DA:9,0
DA:14,0
DA:15,0
DA:16,0
DA:17,0
DA:22,0
DA:23,0
DA:24,0
DA:25,0
DA:30,0
DA:31,0
DA:32,0
DA:33,0
DA:38,1
DA:39,1
DA:40,0
DA:41,1
DA:46,0
DA:47,0
DA:48,0
DA:49,0
LF:25
LH:4
BRF:0
BRH:0
end_of_record
TN:
SF:C:\Users\Luke\source\repos\serverless-sailingweb\backend\src\dynamoResolvers\events.js
FN:3,(anonymous_0)
FN:16,(anonymous_1)
FN:30,(anonymous_2)
FNF:3
FNH:0
FNDA:0,(anonymous_0)
FNDA:0,(anonymous_1)
FNDA:0,(anonymous_2)
DA:3,1
DA:4,0
DA:14,0
DA:16,1
DA:17,0
DA:28,0
DA:30,1
DA:31,0
DA:41,0
LF:9
LH:3
BRF:0
BRH:0
end_of_record
TN:
SF:C:\Users\Luke\source\repos\serverless-sailingweb\backend\src\dynamoResolvers\signOn.js
FN:3,(anonymous_0)
FN:12,(anonymous_1)
FNF:2
FNH:1
FNDA:0,(anonymous_0)
FNDA:1,(anonymous_1)
DA:3,1
DA:4,0
DA:9,0
DA:12,1
DA:13,1
DA:21,1
LF:6
LH:4
BRF:0
BRH:0
end_of_record
